C51 COMPILER V8.12   CODE                                                                  09/14/2009 01:33:39 PAGE 1   


C51 COMPILER V8.12, COMPILATION OF MODULE CODE
OBJECT MODULE PLACED IN code.OBJ
COMPILER INVOKED BY: C:\Keil\C51\BIN\C51.EXE code.c BROWSE DEBUG OBJECTEXTEND

line level    source

   1          #include<reg51.h>
   2          sbit A1=P2^0;
   3          sbit A2=P2^1;
   4          sbit B1=P2^2;
   5          sbit B2=P2^3;
   6          void main()
   7          {
   8   1       int temp=0;
   9   1       A1=A2=B1=B2=0;
  10   1       P1=0xff;
  11   1       while(1)
  12   1       {
  13   2        temp=0x0f&P1;
  14   2        if(temp==0x02)
  15   2           {
  16   3                
  17   3                A1=1;
  18   3                A2=0;
  19   3                B1=1;
  20   3                B2=0;
  21   3               }
  22   2        if(temp==0x08)
  23   2           {
  24   3                A1=0;
  25   3                A2=1;
  26   3                B1=0;
  27   3                B2=1;
  28   3               
  29   3               }
  30   2        if(temp==0x04)
  31   2           {
  32   3                A1=0;
  33   3                A2=1;
  34   3                B1=1;
  35   3                B2=0;
  36   3                        
  37   3               } 
  38   2       if(temp==0x06)
  39   2           {
  40   3                A1=1;
  41   3                A2=0;
  42   3                B1=0;
  43   3                B2=1;
  44   3               }
  45   2       if(temp==0x01)
  46   2           {
  47   3                A1=0;
  48   3                A2=0;
  49   3                B1=1;
  50   3                B2=0;
  51   3               }
  52   2      if(temp==0x03)
  53   2           {
  54   3                A1=1;
  55   3                A2=0;
C51 COMPILER V8.12   CODE                                                                  09/14/2009 01:33:39 PAGE 2   

  56   3                B1=0;
  57   3                B2=0;
  58   3               }
  59   2      
  60   2       if(temp==0x05)
  61   2           {
  62   3                A1=1;
  63   3                A2=1;
  64   3                B1=1;
  65   3                B2=1;
  66   3               }
  67   2       }
  68   1      }


MODULE INFORMATION:   STATIC OVERLAYABLE
   CODE SIZE        =    116    ----
   CONSTANT SIZE    =   ----    ----
   XDATA SIZE       =   ----    ----
   PDATA SIZE       =   ----    ----
   DATA SIZE        =   ----    ----
   IDATA SIZE       =   ----    ----
   BIT SIZE         =   ----    ----
END OF MODULE INFORMATION.


C51 COMPILATION COMPLETE.  0 WARNING(S),  0 ERROR(S)
