C51 COMPILER V8.12   RHT                                                                   09/14/2009 04:25:31 PAGE 1   


C51 COMPILER V8.12, COMPILATION OF MODULE RHT
OBJECT MODULE PLACED IN rht.OBJ
COMPILER INVOKED BY: C:\Keil\C51\BIN\C51.EXE rht.c BROWSE DEBUG OBJECTEXTEND

line level    source

   1          #include<AT89X52.H>
   2          void serial(unsigned char);
   3          void main(void)
   4          {
   5   1      TMOD=0X20;
   6   1      TH1=0XFD;
   7   1      SCON=0X50;
   8   1      TR1=1;
   9   1      while(1)
  10   1      {
  11   2      serial('y');
  12   2       serial('e');
  13   2      serial('s');
  14   2      }
  15   1      }
  16          void serial(unsigned char X)
  17          {
  18   1      SBUF=X;
  19   1      while(TI==0);
  20   1      TI=0;
  21   1      }


MODULE INFORMATION:   STATIC OVERLAYABLE
   CODE SIZE        =     36    ----
   CONSTANT SIZE    =   ----    ----
   XDATA SIZE       =   ----    ----
   PDATA SIZE       =   ----    ----
   DATA SIZE        =   ----    ----
   IDATA SIZE       =   ----    ----
   BIT SIZE         =   ----    ----
END OF MODULE INFORMATION.


C51 COMPILATION COMPLETE.  0 WARNING(S),  0 ERROR(S)
